Log file open, 11/01/16 23:25:19
LogInit:Display: Running engine for game: Project_OSA
LogPlatformFile: Not using cached read wrapper
LogInit:Display: RandInit(1691964574) SRandInit(1691964574).
LogTaskGraph: Started task graph with 5 named threads and 8 total threads with 1 sets of task threads.
LogStats: Stats thread started at 0.087950
LogPluginManager: Loaded Plugin Paper2D, From C:/Program Files (x86)/Epic Games/4.13/Engine/Plugins/2D/Paper2D/Paper2D.uplugin
LogPluginManager: Loaded Plugin LightPropagationVolume, From C:/Program Files (x86)/Epic Games/4.13/Engine/Plugins/Blendables/LightPropagationVolume/LightPropagationVolume.uplugin
LogPluginManager: Loaded Plugin BlankPlugin, From C:/Program Files (x86)/Epic Games/4.13/Engine/Plugins/Developer/BlankPlugin/BlankPlugin.uplugin
LogPluginManager: Loaded Plugin CodeLiteSourceCodeAccess, From C:/Program Files (x86)/Epic Games/4.13/Engine/Plugins/Developer/CodeLiteSourceCodeAccess/CodeLiteSourceCodeAccess.uplugin
LogPluginManager: Loaded Plugin GitSourceControl, From C:/Program Files (x86)/Epic Games/4.13/Engine/Plugins/Developer/GitSourceControl/GitSourceControl.uplugin
LogPluginManager: Loaded Plugin KDevelopSourceCodeAccess, From C:/Program Files (x86)/Epic Games/4.13/Engine/Plugins/Developer/KDevelopSourceCodeAccess/KDevelopSourceCodeAccess.uplugin
LogPluginManager: Loaded Plugin NullSourceCodeAccess, From C:/Program Files (x86)/Epic Games/4.13/Engine/Plugins/Developer/NullSourceCodeAccess/NullSourceCodeAccess.uplugin
LogPluginManager: Loaded Plugin OneSkyLocalizationService, From C:/Program Files (x86)/Epic Games/4.13/Engine/Plugins/Developer/OneSkyLocalizationService/OneSkyLocalizationService.uplugin
LogPluginManager: Loaded Plugin PerforceSourceControl, From C:/Program Files (x86)/Epic Games/4.13/Engine/Plugins/Developer/PerforceSourceControl/PerforceSourceControl.uplugin
LogPluginManager: Loaded Plugin SubversionSourceControl, From C:/Program Files (x86)/Epic Games/4.13/Engine/Plugins/Developer/SubversionSourceControl/SubversionSourceControl.uplugin
LogPluginManager: Loaded Plugin UObjectPlugin, From C:/Program Files (x86)/Epic Games/4.13/Engine/Plugins/Developer/UObjectPlugin/UObjectPlugin.uplugin
LogPluginManager: Loaded Plugin VisualStudioSourceCodeAccess, From C:/Program Files (x86)/Epic Games/4.13/Engine/Plugins/Developer/VisualStudioSourceCodeAccess/VisualStudioSourceCodeAccess.uplugin
LogPluginManager: Loaded Plugin XCodeSourceCodeAccess, From C:/Program Files (x86)/Epic Games/4.13/Engine/Plugins/Developer/XCodeSourceCodeAccess/XCodeSourceCodeAccess.uplugin
LogPluginManager: Loaded Plugin EpicSurvey, From C:/Program Files (x86)/Epic Games/4.13/Engine/Plugins/Editor/EpicSurvey/EpicSurvey.uplugin
LogPluginManager: Loaded Plugin MacGraphicsSwitching, From C:/Program Files (x86)/Epic Games/4.13/Engine/Plugins/Editor/MacGraphicsSwitching/MacGraphicsSwitching.uplugin
LogPluginManager: Loaded Plugin MobileLauncherProfileWizard, From C:/Program Files (x86)/Epic Games/4.13/Engine/Plugins/Editor/MobileLauncherProfileWizard/MobileLauncherProfileWizard.uplugin
LogPluginManager: Loaded Plugin PluginBrowser, From C:/Program Files (x86)/Epic Games/4.13/Engine/Plugins/Editor/PluginBrowser/PluginBrowser.uplugin
LogPluginManager: Loaded Plugin SpeedTreeImporter, From C:/Program Files (x86)/Epic Games/4.13/Engine/Plugins/Editor/SpeedTreeImporter/SpeedTreeImporter.uplugin
LogPluginManager: Loaded Plugin SuperSearchEditor, From C:/Program Files (x86)/Epic Games/4.13/Engine/Plugins/Editor/SuperSearchEditor/SuperSearchEditor.uplugin
LogPluginManager: Loaded Plugin AlembicImporter, From C:/Program Files (x86)/Epic Games/4.13/Engine/Plugins/Experimental/AlembicImporter/AlembicImporter.uplugin
LogPluginManager: Loaded Plugin BlueprintStats, From C:/Program Files (x86)/Epic Games/4.13/Engine/Plugins/Experimental/BlueprintStats/BlueprintStats.uplugin
LogPluginManager: Loaded Plugin CharacterAI, From C:/Program Files (x86)/Epic Games/4.13/Engine/Plugins/Experimental/CharacterAI/CharacterAI.uplugin
LogPluginManager: Loaded Plugin CodeEditor, From C:/Program Files (x86)/Epic Games/4.13/Engine/Plugins/Experimental/CodeEditor/CodeEditor.uplugin
LogPluginManager: Loaded Plugin CodeView, From C:/Program Files (x86)/Epic Games/4.13/Engine/Plugins/Experimental/CodeView/CodeView.uplugin
LogPluginManager: Loaded Plugin HTML5Networking, From C:/Program Files (x86)/Epic Games/4.13/Engine/Plugins/Experimental/HTML5Networking/HTML5Networking.uplugin
LogPluginManager: Loaded Plugin LiveEditor, From C:/Program Files (x86)/Epic Games/4.13/Engine/Plugins/Experimental/LiveEditor/LiveEditor.uplugin
LogPluginManager: Loaded Plugin OSVR, From C:/Program Files (x86)/Epic Games/4.13/Engine/Plugins/Experimental/OSVR/OSVR.uplugin
LogPluginManager: Loaded Plugin Phya, From C:/Program Files (x86)/Epic Games/4.13/Engine/Plugins/Experimental/Phya/Phya.uplugin
LogPluginManager: Loaded Plugin SignificanceManager, From C:/Program Files (x86)/Epic Games/4.13/Engine/Plugins/Experimental/SignificanceManager/SignificanceManager.uplugin
LogPluginManager: Loaded Plugin SimpleHMD, From C:/Program Files (x86)/Epic Games/4.13/Engine/Plugins/Experimental/SimpleHMD/SimpleHMD.uplugin
LogPluginManager: Loaded Plugin StereoPanorama, From C:/Program Files (x86)/Epic Games/4.13/Engine/Plugins/Experimental/StereoPanorama/StereoPanorama.uplugin
LogPluginManager: Loaded Plugin StructBox, From C:/Program Files (x86)/Epic Games/4.13/Engine/Plugins/Experimental/StructBox/StructBox.uplugin
LogPluginManager: Loaded Plugin AndroidMedia, From C:/Program Files (x86)/Epic Games/4.13/Engine/Plugins/Media/AndroidMedia/AndroidMedia.uplugin
LogPluginManager: Loaded Plugin AvfMedia, From C:/Program Files (x86)/Epic Games/4.13/Engine/Plugins/Media/AvfMedia/AvfMedia.uplugin
LogPluginManager: Loaded Plugin MediaPlayerEditor, From C:/Program Files (x86)/Epic Games/4.13/Engine/Plugins/Media/MediaPlayerEditor/MediaPlayerEditor.uplugin
LogPluginManager: Loaded Plugin WmfMedia, From C:/Program Files (x86)/Epic Games/4.13/Engine/Plugins/Media/WmfMedia/WmfMedia.uplugin
LogPluginManager: Loaded Plugin MessagingDebugger, From C:/Program Files (x86)/Epic Games/4.13/Engine/Plugins/Messaging/MessagingDebugger/MessagingDebugger.uplugin
LogPluginManager: Loaded Plugin TcpMessaging, From C:/Program Files (x86)/Epic Games/4.13/Engine/Plugins/Messaging/TcpMessaging/TcpMessaging.uplugin
LogPluginManager: Loaded Plugin UdpMessaging, From C:/Program Files (x86)/Epic Games/4.13/Engine/Plugins/Messaging/UdpMessaging/UdpMessaging.uplugin
LogPluginManager: Loaded Plugin LevelSequenceEditor, From C:/Program Files (x86)/Epic Games/4.13/Engine/Plugins/MovieScene/LevelSequenceEditor/LevelSequenceEditor.uplugin
LogPluginManager: Loaded Plugin MatineeToLevelSequence, From C:/Program Files (x86)/Epic Games/4.13/Engine/Plugins/MovieScene/MatineeToLevelSequence/MatineeToLevelSequence.uplugin
LogPluginManager: Loaded Plugin NetcodeUnitTest, From C:/Program Files (x86)/Epic Games/4.13/Engine/Plugins/NetcodeUnitTest/NetcodeUnitTest/NetcodeUnitTest.uplugin
LogPluginManager: Loaded Plugin NUTUnrealEngine4, From C:/Program Files (x86)/Epic Games/4.13/Engine/Plugins/NetcodeUnitTest/NUTUnrealEngine4/NUTUnrealEngine4.uplugin
LogPluginManager: Loaded Plugin OnlineSubsystemGooglePlay, From C:/Program Files (x86)/Epic Games/4.13/Engine/Plugins/Online/Android/OnlineSubsystemGooglePlay/OnlineSubsystemGooglePlay.uplugin
LogPluginManager: Loaded Plugin OnlineSubsystemIOS, From C:/Program Files (x86)/Epic Games/4.13/Engine/Plugins/Online/IOS/OnlineSubsystemIOS/OnlineSubsystemIOS.uplugin
LogPluginManager: Loaded Plugin OnlineFramework, From C:/Program Files (x86)/Epic Games/4.13/Engine/Plugins/Online/OnlineFramework/OnlineFramework.uplugin
LogPluginManager: Loaded Plugin OnlineSubsystem, From C:/Program Files (x86)/Epic Games/4.13/Engine/Plugins/Online/OnlineSubsystem/OnlineSubsystem.uplugin
LogPluginManager: Loaded Plugin OnlineSubsystemAmazon, From C:/Program Files (x86)/Epic Games/4.13/Engine/Plugins/Online/OnlineSubsystemAmazon/OnlineSubsystemAmazon.uplugin
LogPluginManager: Loaded Plugin OnlineSubsystemFacebook, From C:/Program Files (x86)/Epic Games/4.13/Engine/Plugins/Online/OnlineSubsystemFacebook/OnlineSubsystemFacebook.uplugin
LogPluginManager: Loaded Plugin OnlineSubsystemNull, From C:/Program Files (x86)/Epic Games/4.13/Engine/Plugins/Online/OnlineSubsystemNull/OnlineSubsystemNull.uplugin
LogPluginManager: Loaded Plugin OnlineSubsystemOculus, From C:/Program Files (x86)/Epic Games/4.13/Engine/Plugins/Online/OnlineSubsystemOculus/OnlineSubsystemOculus.uplugin
LogPluginManager: Loaded Plugin OnlineSubsystemSteam, From C:/Program Files (x86)/Epic Games/4.13/Engine/Plugins/Online/OnlineSubsystemSteam/OnlineSubsystemSteam.uplugin
LogPluginManager: Loaded Plugin OnlineSubsystemUtils, From C:/Program Files (x86)/Epic Games/4.13/Engine/Plugins/Online/OnlineSubsystemUtils/OnlineSubsystemUtils.uplugin
LogPluginManager: Loaded Plugin IOSTapJoy, From C:/Program Files (x86)/Epic Games/4.13/Engine/Plugins/Runtime/Advertising/IOSTapJoy/IOSTapJoy.uplugin
LogPluginManager: Loaded Plugin AnalyticsBlueprintLibrary, From C:/Program Files (x86)/Epic Games/4.13/Engine/Plugins/Runtime/Analytics/AnalyticsBlueprintLibrary/AnalyticsBlueprintLibrary.uplugin
LogPluginManager: Loaded Plugin AnalyticsMulticast, From C:/Program Files (x86)/Epic Games/4.13/Engine/Plugins/Runtime/Analytics/AnalyticsMulticast/AnalyticsMulticast.uplugin
LogPluginManager: Loaded Plugin Apsalar, From C:/Program Files (x86)/Epic Games/4.13/Engine/Plugins/Runtime/Analytics/Apsalar/Apsalar.uplugin
LogPluginManager: Loaded Plugin FileLogging, From C:/Program Files (x86)/Epic Games/4.13/Engine/Plugins/Runtime/Analytics/FileLogging/FileLogging.uplugin
LogPluginManager: Loaded Plugin Flurry, From C:/Program Files (x86)/Epic Games/4.13/Engine/Plugins/Runtime/Analytics/Flurry/Flurry.uplugin
LogPluginManager: Loaded Plugin AndroidDeviceProfileSelector, From C:/Program Files (x86)/Epic Games/4.13/Engine/Plugins/Runtime/AndroidDeviceProfileSelector/AndroidDeviceProfileSelector.uplugin
LogPluginManager: Loaded Plugin AndroidMoviePlayer, From C:/Program Files (x86)/Epic Games/4.13/Engine/Plugins/Runtime/AndroidMoviePlayer/AndroidMoviePlayer.uplugin
LogPluginManager: Loaded Plugin AppleMoviePlayer, From C:/Program Files (x86)/Epic Games/4.13/Engine/Plugins/Runtime/AppleMoviePlayer/AppleMoviePlayer.uplugin
LogPluginManager: Loaded Plugin ArchVisCharacter, From C:/Program Files (x86)/Epic Games/4.13/Engine/Plugins/Runtime/ArchVisCharacter/ArchVisCharacter.uplugin
LogPluginManager: Loaded Plugin CableComponent, From C:/Program Files (x86)/Epic Games/4.13/Engine/Plugins/Runtime/CableComponent/CableComponent.uplugin
LogPluginManager: Loaded Plugin CustomMeshComponent, From C:/Program Files (x86)/Epic Games/4.13/Engine/Plugins/Runtime/CustomMeshComponent/CustomMeshComponent.uplugin
LogPluginManager: Loaded Plugin ExampleDeviceProfileSelector, From C:/Program Files (x86)/Epic Games/4.13/Engine/Plugins/Runtime/ExampleDeviceProfileSelector/ExampleDeviceProfileSelector.uplugin
LogPluginManager: Loaded Plugin GearVR, From C:/Program Files (x86)/Epic Games/4.13/Engine/Plugins/Runtime/GearVR/GearVR.uplugin
LogPluginManager: Loaded Plugin GoogleVRController, From C:/Program Files (x86)/Epic Games/4.13/Engine/Plugins/Runtime/GoogleVR/GoogleVRController/GoogleVRController.uplugin
LogPluginManager: Loaded Plugin GoogleVRHMD, From C:/Program Files (x86)/Epic Games/4.13/Engine/Plugins/Runtime/GoogleVR/GoogleVRHMD/GoogleVRHMD.uplugin
LogPluginManager: Loaded Plugin IOSDeviceProfileSelector, From C:/Program Files (x86)/Epic Games/4.13/Engine/Plugins/Runtime/IOSDeviceProfileSelector/IOSDeviceProfileSelector.uplugin
LogPluginManager: Loaded Plugin LeapMotion, From C:/Program Files (x86)/Epic Games/4.13/Engine/Plugins/Runtime/LeapMotion/LeapMotion.uplugin
LogPluginManager: Loaded Plugin LinuxDeviceProfileSelector, From C:/Program Files (x86)/Epic Games/4.13/Engine/Plugins/Runtime/LinuxDeviceProfileSelector/LinuxDeviceProfileSelector.uplugin
LogPluginManager: Loaded Plugin LiveEditorListenServer, From C:/Program Files (x86)/Epic Games/4.13/Engine/Plugins/Runtime/LiveEditorListenServer/LiveEditorListenServer.uplugin
LogPluginManager: Loaded Plugin OculusAudio, From C:/Program Files (x86)/Epic Games/4.13/Engine/Plugins/Runtime/OculusAudio/OculusAudio.uplugin
LogPluginManager: Loaded Plugin OculusInput, From C:/Program Files (x86)/Epic Games/4.13/Engine/Plugins/Runtime/OculusInput/OculusInput.uplugin
LogPluginManager: Loaded Plugin OculusLibrary, From C:/Program Files (x86)/Epic Games/4.13/Engine/Plugins/Runtime/OculusLibrary/OculusLibrary.uplugin
LogPluginManager: Loaded Plugin OculusRift, From C:/Program Files (x86)/Epic Games/4.13/Engine/Plugins/Runtime/OculusRift/OculusRift.uplugin
LogPluginManager: Loaded Plugin Oodle, From C:/Program Files (x86)/Epic Games/4.13/Engine/Plugins/Runtime/PacketHandlers/CompressionComponents/Oodle/Oodle.uplugin
LogPluginManager: Loaded Plugin ProceduralMeshComponent, From C:/Program Files (x86)/Epic Games/4.13/Engine/Plugins/Runtime/ProceduralMeshComponent/ProceduralMeshComponent.uplugin
LogPluginManager: Loaded Plugin SoundMod, From C:/Program Files (x86)/Epic Games/4.13/Engine/Plugins/Runtime/SoundMod/SoundMod.uplugin
LogPluginManager: Loaded Plugin SoundVisualizations, From C:/Program Files (x86)/Epic Games/4.13/Engine/Plugins/Runtime/SoundVisualizations/SoundVisualizations.uplugin
LogPluginManager: Loaded Plugin SteamController, From C:/Program Files (x86)/Epic Games/4.13/Engine/Plugins/Runtime/Steam/SteamController/SteamController.uplugin
LogPluginManager: Loaded Plugin SteamVR, From C:/Program Files (x86)/Epic Games/4.13/Engine/Plugins/Runtime/Steam/SteamVR/SteamVR.uplugin
LogPluginManager: Loaded Plugin WebBrowserWidget, From C:/Program Files (x86)/Epic Games/4.13/Engine/Plugins/Runtime/WebBrowserWidget/WebBrowserWidget.uplugin
LogPluginManager: Loaded Plugin WindowsDeviceProfileSelector, From C:/Program Files (x86)/Epic Games/4.13/Engine/Plugins/Runtime/WindowsDeviceProfileSelector/WindowsDeviceProfileSelector.uplugin
LogPluginManager: Loaded Plugin WindowsMoviePlayer, From C:/Program Files (x86)/Epic Games/4.13/Engine/Plugins/Runtime/WindowsMoviePlayer/WindowsMoviePlayer.uplugin
LogPluginManager: Loaded Plugin ScriptPlugin, From C:/Program Files (x86)/Epic Games/4.13/Engine/Plugins/ScriptPlugin/ScriptPlugin.uplugin
LogPluginManager: Loaded Plugin SlateRemote, From C:/Program Files (x86)/Epic Games/4.13/Engine/Plugins/Slate/SlateRemote/SlateRemote.uplugin
LogInit: Using libcurl 7.47.1
LogInit:  - built for x86_64-pc-win32
LogInit:  - supports SSL with WinSSL
LogInit:  - other features:
LogInit:      CURL_VERSION_SSL
LogInit:      CURL_VERSION_IPV6
LogInit:      CURL_VERSION_ASYNCHDNS
LogInit:      CURL_VERSION_LARGEFILE
LogInit:      CURL_VERSION_IDN
LogInit:  CurlRequestOptions (configurable via config and command line):
LogInit:  - bVerifyPeer = false  - Libcurl will NOT verify peer certificate
LogInit:  - bUseHttpProxy = false  - Libcurl will NOT use HTTP proxy
LogInit:  - bDontReuseConnections = false  - Libcurl will reuse connections
LogInit:  - CertBundlePath = nullptr  - Libcurl will use whatever was configured at build time.
LogInit: Build: ++UE4+Release-4.13-CL-3142249
LogInit: Engine Version: 4.13.1-3142249+++UE4+Release-4.13
LogInit: Compatible Engine Version: 4.13.0-3106830+++UE4+Release-4.13
LogInit: Net CL: 3142249
LogDevObjectVersion: Number of dev versions registered: 13
LogDevObjectVersion:   Dev-Blueprints (B0D832E4-1F89-4F0D-ACCF-7EB736FD4AA2): 5
LogDevObjectVersion:   Dev-Build (E1C64328-A22C-4D53-A36C-8E866417BD8C): 0
LogDevObjectVersion:   Dev-Core (375EC13C-06E4-48FB-B500-84F0262A717E): 1
LogDevObjectVersion:   Dev-Editor (E4B068ED-F494-42E9-A231-DA0B2E46BB41): 6
LogDevObjectVersion:   Dev-Framework (CFFC743F-43B0-4480-9391-14DF171D2073): 12
LogDevObjectVersion:   Dev-Mobile (B02B49B5-BB20-44E9-A304-32B752E40360): 0
LogDevObjectVersion:   Dev-Networking (A4E4105C-59A1-49B5-A7C5-40C4547EDFEE): 0
LogDevObjectVersion:   Dev-Online (39C831C9-5AE6-47DC-9A44-9C173E1C8E7C): 0
LogDevObjectVersion:   Dev-Physics (78F01B33-EBEA-4F98-B9B4-84EACCB95AA2): 0
LogDevObjectVersion:   Dev-Platform (6631380F-2D4D-43E0-8009-CF276956A95A): 0
LogDevObjectVersion:   Dev-Rendering (12F88B9F-8875-4AFC-A67C-D90C383ABD29): 4
LogDevObjectVersion:   Dev-Sequencer (7B5AE74C-D270-4C10-A958-57980B212A5A): 0
LogDevObjectVersion:   Dev-VR (D7296918-1DD6-4BDD-9DE2-64A83CC13884): 0
LogInit: Compiled (64-bit): Sep 28 2016 02:12:12
LogInit: Compiled with Visual C++: 19.00.23026.00
LogInit: Build Configuration: Development
LogInit: Branch Name: ++UE4+Release-4.13
LogInit: Command line: -EpicPortal 
LogInit: Base directory: C:/Program Files (x86)/Epic Games/4.13/Engine/Binaries/Win64/
LogInit: Installed Engine Build: 1
LogInit: Presizing for max 8388607 objects, including 0 objects not considered by GC, pre-allocating 0 bytes for permanent pool.
LogInit: Object subsystem initialized
[2016.11.02-03.25.19:405][  0]LogInit: Selected Device Profile: [Windows]
[2016.11.02-03.25.19:405][  0]LogInit: Applying CVar settings loaded from the selected device profile: [Windows]
[2016.11.02-03.25.19:414][  0]LogInit: Computer: ZER0
[2016.11.02-03.25.19:414][  0]LogInit: User: lendon
[2016.11.02-03.25.19:414][  0]LogInit: CPU Page size=65536, Cores=4
[2016.11.02-03.25.19:414][  0]LogInit: High frequency timer resolution =2.338350 MHz
[2016.11.02-03.25.19:414][  0]LogMemory: Memory total: Physical=15.9GB (16GB approx)
[2016.11.02-03.25.19:414][  0]LogMemory: Platform Memory Stats for Windows
[2016.11.02-03.25.19:414][  0]LogMemory: Process Physical Memory: 256.37 MB used, 256.37 MB peak
[2016.11.02-03.25.19:414][  0]LogMemory: Process Virtual Memory: 260.03 MB used, 260.03 MB peak
[2016.11.02-03.25.19:414][  0]LogMemory: Physical Memory: 6466.81 MB used, 16316.02 MB total
[2016.11.02-03.25.19:414][  0]LogMemory: Virtual Memory: 623.23 MB used, 134217728.00 MB total
[2016.11.02-03.25.19:448][  0]LogTextLocalizationManager: No specific translations for ('en-CA') exist, so ('en') translations will be used.
[2016.11.02-03.25.20:143][  0]LogD3D11RHI: D3D11 adapters:
[2016.11.02-03.25.20:169][  0]LogD3D11RHI:    0. 'NVIDIA GeForce GT 740M' (Feature Level 11_0)
[2016.11.02-03.25.20:169][  0]LogD3D11RHI:       2020/0/8158 MB DedicatedVideo/DedicatedSystem/SharedSystem, Outputs:1, VendorId:0x10de
[2016.11.02-03.25.20:175][  0]LogD3D11RHI:    1. 'Intel(R) HD Graphics 4600' (Feature Level 11_0)
[2016.11.02-03.25.20:175][  0]LogD3D11RHI:       112/0/2048 MB DedicatedVideo/DedicatedSystem/SharedSystem, Outputs:0, VendorId:0x8086
[2016.11.02-03.25.20:177][  0]LogD3D11RHI:    2. 'Microsoft Basic Render Driver' (Feature Level 11_0)
[2016.11.02-03.25.20:177][  0]LogD3D11RHI:       0/0/8158 MB DedicatedVideo/DedicatedSystem/SharedSystem, Outputs:0, VendorId:0x1414
[2016.11.02-03.25.20:177][  0]LogD3D11RHI: Chosen D3D11 Adapter: 0
[2016.11.02-03.25.20:182][  0]LogD3D11RHI: Creating new Direct3DDevice
[2016.11.02-03.25.20:182][  0]LogD3D11RHI:     GPU DeviceId: 0x1292 (for the marketing name, search the web for "GPU Device Id")
[2016.11.02-03.25.20:182][  0]LogWindows: EnumDisplayDevices:
[2016.11.02-03.25.20:182][  0]LogWindows:    0. 'Intel(R) HD Graphics 4600' (P:1 D:1)
[2016.11.02-03.25.20:183][  0]LogWindows:    1. 'Intel(R) HD Graphics 4600' (P:0 D:0)
[2016.11.02-03.25.20:183][  0]LogWindows:    2. 'Intel(R) HD Graphics 4600' (P:0 D:0)
[2016.11.02-03.25.20:183][  0]LogWindows: DebugString: PrimaryIsNotTheChoosenAdapter PrimaryIsNotTheChoosenAdapter PrimaryIsNotTheChoosenAdapter FoundDriverCount:0 
[2016.11.02-03.25.20:183][  0]LogD3D11RHI:     Adapter Name: NVIDIA GeForce GT 740M
[2016.11.02-03.25.20:183][  0]LogD3D11RHI:   Driver Version: Unknown (internal:Unknown, unified:Unknown)
[2016.11.02-03.25.20:183][  0]LogD3D11RHI:      Driver Date: Unknown
[2016.11.02-03.25.20:183][  0]LogRHI: Texture pool is 1361 MB (70% of 1945 MB)
[2016.11.02-03.25.20:195][  0]LogD3D11RHI: Async texture creation enabled
[2016.11.02-03.25.20:213][  0]LogD3D11RHI: GPU Timing Frequency: 1000.000000 (Debug: 2 2)
[2016.11.02-03.25.20:213][  0]LogShaderCompilers: Guid format shader working directory is -18 characters bigger than the processId version (../../../../../../Users/lendon/Downloads/Project_OSA_v0.0.1 4.13/Intermediate/Shaders/WorkingDirectory/14092/).
[2016.11.02-03.25.20:213][  0]LogShaderCompilers: Cleaned the shader compiler working directory 'C:/Users/lendon/AppData/Local/Temp/UnrealShaderWorkingDir/106AD3344141907AA3CFCEB1699E3149/'.
[2016.11.02-03.25.20:213][  0]LogShaderCompilers:Display: Using Local Shader Compiler.
[2016.11.02-03.25.21:510][  0]LogTemp:Display: Loaded TP AllDesktopTargetPlatform
[2016.11.02-03.25.21:521][  0]LogTemp:Display: Loaded TP WindowsClientTargetPlatform
[2016.11.02-03.25.21:531][  0]LogTemp:Display: Loaded TP WindowsNoEditorTargetPlatform
[2016.11.02-03.25.21:541][  0]LogTemp:Display: Loaded TP WindowsServerTargetPlatform
[2016.11.02-03.25.21:552][  0]LogTemp:Display: Loaded TP WindowsTargetPlatform
[2016.11.02-03.25.21:562][  0]LogTemp:Display: Loaded TP AndroidTargetPlatform
[2016.11.02-03.25.21:569][  0]LogTemp:Display: Loaded TP Android_ASTCTargetPlatform
[2016.11.02-03.25.21:577][  0]LogTemp:Display: Loaded TP Android_ATCTargetPlatform
[2016.11.02-03.25.21:584][  0]LogTemp:Display: Loaded TP Android_DXTTargetPlatform
[2016.11.02-03.25.21:592][  0]LogTemp:Display: Loaded TP Android_ETC1TargetPlatform
[2016.11.02-03.25.21:599][  0]LogTemp:Display: Loaded TP Android_ETC2TargetPlatform
[2016.11.02-03.25.21:613][  0]LogTemp:Display: Loaded TP Android_MultiTargetPlatform
[2016.11.02-03.25.21:613][  0]LogTemp:Display: Loaded TP Android_PVRTCTargetPlatform
[2016.11.02-03.25.21:614][  0]LogTemp:Display: Loaded TP HTML5TargetPlatform
[2016.11.02-03.25.21:637][  0]LogTemp:Display: Loaded TP IOSTargetPlatform
[2016.11.02-03.25.21:644][  0]LogTemp:Display: Loaded TP TVOSTargetPlatform
[2016.11.02-03.25.21:652][  0]LogTemp:Display: Loaded TP LinuxClientTargetPlatform
[2016.11.02-03.25.21:659][  0]LogTemp:Display: Loaded TP LinuxNoEditorTargetPlatform
[2016.11.02-03.25.21:666][  0]LogTemp:Display: Loaded TP LinuxServerTargetPlatform
[2016.11.02-03.25.21:674][  0]LogTemp:Display: Loaded TP LinuxTargetPlatform
[2016.11.02-03.25.21:674][  0]LogTargetPlatformManager:Display: Building Assets For Windows
[2016.11.02-03.25.21:807][  0]LogDerivedDataCache:Display: Max Cache Size: 512 MB
[2016.11.02-03.25.21:869][  0]LogDerivedDataCache: Loaded boot cache 0.06s 62MB C:/Users/lendon/AppData/Local/UnrealEngine/4.13/DerivedDataCache/Boot.ddc.
[2016.11.02-03.25.21:869][  0]LogDerivedDataCache:Display: Loaded Boot cache: C:/Users/lendon/AppData/Local/UnrealEngine/4.13/DerivedDataCache/Boot.ddc
[2016.11.02-03.25.21:869][  0]LogDerivedDataCache: FDerivedDataBackendGraph:  Pak pak cache file ../../../../../../Users/lendon/Downloads/Project_OSA_v0.0.1 4.13/DerivedDataCache/DDC.ddp not found, will not use a pak cache.
[2016.11.02-03.25.21:869][  0]LogDerivedDataCache: Unable to find inner node Pak for hierarchical cache Hierarchy.
[2016.11.02-03.25.21:869][  0]LogDerivedDataCache: FDerivedDataBackendGraph:  CompressedPak pak cache file ../../../../../../Users/lendon/Downloads/Project_OSA_v0.0.1 4.13/DerivedDataCache/Compressed.ddp not found, will not use a pak cache.
[2016.11.02-03.25.21:869][  0]LogDerivedDataCache: Unable to find inner node CompressedPak for hierarchical cache Hierarchy.
[2016.11.02-03.25.21:886][  0]LogDerivedDataCache:Display: Pak cache opened for reading ../../../Engine/DerivedDataCache/Compressed.ddp.
[2016.11.02-03.25.21:898][  0]LogDerivedDataCache: Using Local data cache path C:/Users/lendon/AppData/Local/UnrealEngine/Common/DerivedDataCache: Writable
[2016.11.02-03.25.22:115][  0]LogInit: Selected Device Profile: [Windows]
[2016.11.02-03.25.22:118][  0]LogContentStreaming: Texture pool size is 0.00 MB
[2016.11.02-03.25.22:222][  0]LogMeshUtilities: No automatic mesh reduction module available
[2016.11.02-03.25.22:222][  0]LogMeshUtilities: No automatic mesh merging module available
[2016.11.02-03.25.22:222][  0]LogMeshUtilities: No distributed automatic mesh merging module available
[2016.11.02-03.25.22:301][  0]LogMaterial: Uniform references updated for custom material expression Custom.
[2016.11.02-03.25.22:587][  0]LogNetVersion: GetLocalNetworkVersion: CL: 3106830, ProjectName: project_osa, ProjectVersion: , EngineNetworkVersion: 1, GameNetworkVersion: 0, NetworkChecksum: 3476221344
[2016.11.02-03.25.22:627][  0]LogAssetRegistry: FAssetRegistry took 0.0220 seconds to start up
[2016.11.02-03.25.22:665][  0]LogPackageLocalizationCache: Processed 3 localized package path(s) for 2 prioritized culture(s) in 0.034004 seconds
[2016.11.02-03.25.22:670][  0]LogUObjectArray: 29778 objects as part of root set at end of initial load.
[2016.11.02-03.25.22:670][  0]LogUObjectAllocator: 6125456 out of 0 bytes used by permanent object pool.
[2016.11.02-03.25.22:670][  0]LogUObjectArray: CloseDisregardForGC: 0/0 objects in disregard for GC pool
[2016.11.02-03.25.22:682][  0]LogInit: WinSock: version 1.1 (2.2), MaxSocks=32767, MaxUdp=65467
[2016.11.02-03.25.22:926][  0]LogSlate: SlateFontCache - WITH_FREETYPE: 1, WITH_HARFBUZZ: 1
[2016.11.02-03.25.22:926][  0]LogSlate: SlateFontCache - WITH_FREETYPE: 1, WITH_HARFBUZZ: 1
[2016.11.02-03.25.23:809][  0]LogTcpMessaging: Initializing TcpMessaging bridge
[2016.11.02-03.25.23:836][  0]LogUdpMessaging: Initializing bridge on interface 0.0.0.0:0 to multicast group 230.0.0.1:6666.
[2016.11.02-03.25.24:114][  0]SourceControl: Info Source control is disabled
[2016.11.02-03.25.24:517][  0]SourceControl: Info Source control is disabled
[2016.11.02-03.25.24:535][  0]SourceControl: Info Source control is disabled
[2016.11.02-03.25.24:551][  0]SourceControl: Info Source control is disabled
[2016.11.02-03.25.24:985][  0]LogEngine: Initializing Engine...
[2016.11.02-03.25.24:993][  0]LogHMD: Failed to initialize OpenVR with code 108
[2016.11.02-03.25.25:129][  0]LogAIModule: Creating AISystem for world Untitled
[2016.11.02-03.25.25:137][  0]LogInit: XAudio2 using 'Speakers (High Definition Audio Device)' : 2 channels at 44.1 kHz using 16 bits per sample (channel mask 0x3)
[2016.11.02-03.25.25:149][  0]LogInit: FAudioDevice initialized.
[2016.11.02-03.25.25:180][  0]LogDerivedDataCache: Saved boot cache 0.03s 62MB C:/Users/lendon/AppData/Local/UnrealEngine/4.13/DerivedDataCache/Boot.ddc.
[2016.11.02-03.25.25:187][  0]LogInit: Texture streaming: Enabled
[2016.11.02-03.25.25:220][  0]LogInit: Transaction tracking system initialized
[2016.11.02-03.25.25:256][  0]BlueprintLog: New page: Editor Load
[2016.11.02-03.25.25:369][  0]LocalizationService: Info Localization service is disabled
[2016.11.02-03.25.25:475][  0]LogConsoleResponse:Display: 
[2016.11.02-03.25.25:589][  0]LogCook:Display: Max memory allowance for cook 16384mb min free memory 0mb
[2016.11.02-03.25.25:589][  0]LogCook:Display: Mobile HDR setting 1
[2016.11.02-03.25.25:838][  0]LogFileCache: Scanning file cache for directory 'C:/Users/lendon/Downloads/Project_OSA_v0.0.1 4.13/Content/' took 0.02s
[2016.11.02-03.25.25:838][  0]SourceControl: Info Source control is disabled
[2016.11.02-03.25.25:838][  0]Cmd: MAP LOAD FILE="../../../../../../Users/lendon/Downloads/Project_OSA_v0.0.1 4.13/Content/ThirdPersonBP/Maps/ThirdPersonExampleMap.umap" TEMPLATE=0 SHOWPROGRESS=1 FEATURELEVEL=3
[2016.11.02-03.25.25:839][  0]LightingResults: New page: Lighting Build
[2016.11.02-03.25.25:843][  0]MapCheck: New page: Map Check
[2016.11.02-03.25.25:843][  0]LightingResults: New page: Lighting Build
[2016.11.02-03.25.26:273][  0]LogAIModule: Creating AISystem for world ThirdPersonExampleMap
[2016.11.02-03.25.26:285][  0]LogEditorServer: Finished looking for orphan Actors (0.000 secs)
[2016.11.02-03.25.26:285][  0]Cmd: MAP CHECKDEP NOCLEARLOG
[2016.11.02-03.25.26:381][  0]MapCheck: Info Map check complete: 0 Error(s), 0 Warning(s), took 95.669ms to complete.
[2016.11.02-03.25.26:381][  0]LogFileHelpers: Loading map 'ThirdPersonExampleMap' took 0.543
[2016.11.02-03.25.26:498][  0]LogCollectionManager: Loaded 1 collections in 0.003863 seconds
[2016.11.02-03.25.26:539][  0]LogFileCache: Scanning file cache for directory 'C:/Users/lendon/Downloads/Project_OSA_v0.0.1 4.13/Saved/Collections/' took 0.01s
[2016.11.02-03.25.26:539][  0]LogFileCache: Scanning file cache for directory 'C:/Users/lendon/Downloads/Project_OSA_v0.0.1 4.13/Content/Developers/lendon/Collections/' took 0.01s
[2016.11.02-03.25.26:539][  0]LogFileCache: Scanning file cache for directory 'C:/Users/lendon/Downloads/Project_OSA_v0.0.1 4.13/Content/Collections/' took 0.01s
[2016.11.02-03.25.26:539][  0]LogCollectionManager: Rebuilt the GUID cache for 1 collections in 0.000004 seconds
[2016.11.02-03.25.26:539][  0]LogCollectionManager: Rebuilt the hierarchy cache for 1 collections in 0.000000 seconds
[2016.11.02-03.25.26:548][  0]LogContentBrowser: Native class hierarchy populated in 0.0083 seconds. Added 2141 classes and 415 folders.
[2016.11.02-03.25.26:553][  0]LogStats: UGameplayTagsManager::ConstructGameplayTagTree: Construct from data asset -  0.000 s
[2016.11.02-03.25.26:553][  0]LogStats: UGameplayTagsManager::ConstructGameplayTagTree: GameplayTagTreeChangedEvent.Broadcast -  0.000 s
[2016.11.02-03.25.26:553][  0]LogContentBrowser: Native class hierarchy updated for 'GameplayTags' in 0.0005 seconds. Added 12 classes and 0 folders.
[2016.11.02-03.25.26:560][  0]LogContentBrowser: Native class hierarchy updated for 'WidgetCarousel' in 0.0004 seconds. Added 0 classes and 0 folders.
[2016.11.02-03.25.26:623][  0]LogContentBrowser: Native class hierarchy updated for 'AddContentDialog' in 0.0005 seconds. Added 0 classes and 0 folders.
[2016.11.02-03.25.26:629][  0]LogContentBrowser: Native class hierarchy updated for 'SceneOutliner' in 0.0005 seconds. Added 1 classes and 2 folders.
[2016.11.02-03.25.26:644][  0]LogCrashTracker: Crashtracker disabled due to settings.
[2016.11.02-03.25.26:649][  0]LogUObjectGlobals:Warning: Failed to find object 'Class None.'
[2016.11.02-03.25.26:676][  0]LogContentBrowser: Native class hierarchy updated for 'HierarchicalLODOutliner' in 0.0005 seconds. Added 1 classes and 2 folders.
[2016.11.02-03.25.26:676][  0]LogLoad: (Engine Initialization) Total time: 8.62 seconds
[2016.11.02-03.25.26:676][  0]LogLoad: (Engine Initialization) Total Blueprint compile time: 0.15 seconds
[2016.11.02-03.25.26:676][  0]LogExternalProfiler: Found external profiler: VSPerf
[2016.11.02-03.25.26:676][  0]LogExternalProfiler: Using external profiler: VSPerf
[2016.11.02-03.25.26:685][  0]LogWindowsTextInputMethodSystem:Display: IME system now deactivated.
[2016.11.02-03.25.26:686][  0]LogOcInput: OculusInput pre-init called
[2016.11.02-03.25.26:704][  0]LogContentStreaming: Texture pool size now 1000 MB
[2016.11.02-03.25.26:866][  0]LogRenderer: Reallocating scene render targets to support 816x396 (Frame:2).
[2016.11.02-03.25.26:933][  1]LogHttp:Warning: 0000025E5DFB8580: request failed, libcurl error: 6 (Couldn't resolve host name)
[2016.11.02-03.25.26:933][  1]LogHttp:Warning: 0000025E5DFB8580: libcurl info message cache 8 (Could not resolve host: cdn.unrealengine.com)
[2016.11.02-03.25.26:933][  1]LogHttp:Warning: 0000025E5DFB8580: libcurl info message cache 9 (Closing connection 0)
[2016.11.02-03.25.26:955][  1]LogAssetRegistry: Asset discovery search completed in 4.3506 seconds
[2016.11.02-03.25.26:955][  1]LogCollectionManager: Rebuilt the object cache for 1 collections in 0.000006 seconds (found 0 objects)
[2016.11.02-03.25.26:955][  1]LogCollectionManager: Fixed up redirectors for 1 collections in 0.000021 seconds (updated 0 objects)
[2016.11.02-03.25.27:128][  3]LogHttp:Warning: 0000025E613DC880: request failed, libcurl error: 6 (Couldn't resolve host name)
[2016.11.02-03.25.27:128][  3]LogHttp:Warning: 0000025E613DC880: libcurl info message cache 8 (Could not resolve host: cdn.unrealengine.com)
[2016.11.02-03.25.27:128][  3]LogHttp:Warning: 0000025E613DC880: libcurl info message cache 9 (Closing connection 1)
[2016.11.02-03.25.27:197][  6]LogHttp:Warning: 0000025E60F57580: request failed, libcurl error: 6 (Couldn't resolve host name)
[2016.11.02-03.25.27:197][  6]LogHttp:Warning: 0000025E60F57580: libcurl info message cache 8 (Could not resolve host: cdn.unrealengine.com)
[2016.11.02-03.25.27:197][  6]LogHttp:Warning: 0000025E60F57580: libcurl info message cache 9 (Closing connection 2)
[2016.11.02-03.26.03:705][686]LogTextFormatter:Warning: Failed to parse argument "RootClass" as a number (using "0" as a fallback). Please check your format string for errors: "Select {RootClass} Class".
[2016.11.02-03.26.03:705][686]LogTextFormatter:Warning: Failed to parse argument "GameStateName" as a number (using "0" as a fallback). Please check your format string for errors: "GameState: {GameStateName}".
[2016.11.02-03.26.03:705][686]LogTextFormatter:Warning: Failed to parse argument "PawnName" as a number (using "0" as a fallback). Please check your format string for errors: "Pawn: Edit {PawnName}".
[2016.11.02-03.26.03:705][686]LogTextFormatter:Warning: Failed to parse argument "HUDName" as a number (using "0" as a fallback). Please check your format string for errors: "HUD: {HUDName}".
[2016.11.02-03.26.03:705][686]LogTextFormatter:Warning: Failed to parse argument "PlayerControllerName" as a number (using "0" as a fallback). Please check your format string for errors: "PlayerController: {PlayerControllerName}".
[2016.11.02-03.26.22:717][887]LogContentBrowser: Native class hierarchy updated for 'BlueprintGraph' in 0.0009 seconds. Added 112 classes and 0 folders.
[2016.11.02-03.26.26:779][ 97]LogHttp:Warning: 0000025E7DCE8A00: request failed, libcurl error: 6 (Couldn't resolve host name)
[2016.11.02-03.26.26:779][ 97]LogHttp:Warning: 0000025E7DCE8A00: libcurl info message cache 8 (Could not resolve host: datarouter.ol.epicgames.com)
[2016.11.02-03.26.26:779][ 97]LogHttp:Warning: 0000025E7DCE8A00: libcurl info message cache 9 (Closing connection 3)
[2016.11.02-03.27.04:155][219]LogTextFormatter:Warning: Failed to parse argument "RootClass" as a number (using "0" as a fallback). Please check your format string for errors: "Select {RootClass} Class".
[2016.11.02-03.27.04:155][219]LogTextFormatter:Warning: Failed to parse argument "GameStateName" as a number (using "0" as a fallback). Please check your format string for errors: "GameState: {GameStateName}".
[2016.11.02-03.27.04:155][219]LogTextFormatter:Warning: Failed to parse argument "PawnName" as a number (using "0" as a fallback). Please check your format string for errors: "Pawn: Edit {PawnName}".
[2016.11.02-03.27.04:155][219]LogTextFormatter:Warning: Failed to parse argument "HUDName" as a number (using "0" as a fallback). Please check your format string for errors: "HUD: {HUDName}".
[2016.11.02-03.27.04:155][219]LogTextFormatter:Warning: Failed to parse argument "PlayerControllerName" as a number (using "0" as a fallback). Please check your format string for errors: "PlayerController: {PlayerControllerName}".
[2016.11.02-03.27.23:652][536]LogSlate:Warning: Prevented a slow task dialog from being summoned while a context menu was open
[2016.11.02-03.27.58:207][409]LogHttp:Warning: 0000025E07200580: request failed, libcurl error: 6 (Couldn't resolve host name)
[2016.11.02-03.27.58:207][409]LogHttp:Warning: 0000025E07200580: libcurl info message cache 8 (Could not resolve host: datarouter.ol.epicgames.com)
[2016.11.02-03.27.58:207][409]LogHttp:Warning: 0000025E07200580: libcurl info message cache 9 (Closing connection 4)
[2016.11.02-03.31.26:755][606]LogHttp:Warning: 0000025E06AC2200: request failed, libcurl error: 6 (Couldn't resolve host name)
[2016.11.02-03.31.26:755][606]LogHttp:Warning: 0000025E06AC2200: libcurl info message cache 8 (Could not resolve host: datarouter.ol.epicgames.com)
[2016.11.02-03.31.26:755][606]LogHttp:Warning: 0000025E06AC2200: libcurl info message cache 9 (Closing connection 5)
[2016.11.02-03.34.14:530][297]LogEditorTransaction: Undo Move Node
[2016.11.02-03.36.26:734][588]LogHttp:Warning: 0000025E06FF3400: request failed, libcurl error: 6 (Couldn't resolve host name)
[2016.11.02-03.36.26:734][588]LogHttp:Warning: 0000025E06FF3400: libcurl info message cache 8 (Could not resolve host: datarouter.ol.epicgames.com)
[2016.11.02-03.36.26:734][588]LogHttp:Warning: 0000025E06FF3400: libcurl info message cache 9 (Closing connection 6)
[2016.11.02-03.39.27:953][283]LogSavePackage: Save=550.22ms
[2016.11.02-03.39.27:953][283]LogSavePackage: Moving '../../../../../../Users/lendon/Downloads/Project_OSA_v0.0.1 4.13/Saved/ThirdPersonExampleMap_Auto14A491BFB4861D2729BAB18B216DB75E9.tmp' to '../../../../../../Users/lendon/Downloads/Project_OSA_v0.0.1 4.13/Saved/Autosaves/Game/ThirdPersonBP/Maps/ThirdPersonExampleMap_Auto1.umap'
[2016.11.02-03.39.27:957][283]LogSavePackage:Display: Finished SavePackage ../../../../../../Users/lendon/Downloads/Project_OSA_v0.0.1 4.13/Saved/Autosaves/Game/ThirdPersonBP/Maps/ThirdPersonExampleMap_Auto1.umap
[2016.11.02-03.39.27:959][283]LogFileHelpers: Editor autosave (incl. sublevels) for '/Game/ThirdPersonBP/Maps/ThirdPersonExampleMap' took 0.727
[2016.11.02-03.39.27:959][283]LogFileHelpers: Editor autosave (incl. sublevels) for all levels took 0.727
[2016.11.02-03.39.27:962][283]OBJ SavePackage: Generating thumbnails for [1] asset(s) in package [/Game/ThirdPersonBP/Blueprints/ThirdPersonCharacter] ([1] browsable assets)...
[2016.11.02-03.39.27:996][283]OBJ SavePackage:     Rendered thumbnail for [Blueprint /Game/ThirdPersonBP/Blueprints/ThirdPersonCharacter.ThirdPersonCharacter]
[2016.11.02-03.39.27:996][283]OBJ SavePackage: Finished generating thumbnails for package [/Game/ThirdPersonBP/Blueprints/ThirdPersonCharacter]
[2016.11.02-03.39.28:142][283]LogSavePackage: Save=112.61ms
[2016.11.02-03.39.28:142][283]LogSavePackage: Moving '../../../../../../Users/lendon/Downloads/Project_OSA_v0.0.1 4.13/Saved/ThirdPersonCharacter_Auto130B4471C4F30B58887D893B8951BFBF7.tmp' to '../../../../../../Users/lendon/Downloads/Project_OSA_v0.0.1 4.13/Saved/Autosaves/Game/ThirdPersonBP/Blueprints/ThirdPersonCharacter_Auto1.uasset'
[2016.11.02-03.39.28:145][283]LogSavePackage:Display: Finished SavePackage ../../../../../../Users/lendon/Downloads/Project_OSA_v0.0.1 4.13/Saved/Autosaves/Game/ThirdPersonBP/Blueprints/ThirdPersonCharacter_Auto1.uasset
[2016.11.02-03.39.28:145][283]LogFileHelpers: Auto-saving content packages took 0.184
[2016.11.02-03.41.26:745][403]LogHttp:Warning: 0000025E4303F580: request failed, libcurl error: 6 (Couldn't resolve host name)
[2016.11.02-03.41.26:745][403]LogHttp:Warning: 0000025E4303F580: libcurl info message cache 8 (Could not resolve host: datarouter.ol.epicgames.com)
[2016.11.02-03.41.26:745][403]LogHttp:Warning: 0000025E4303F580: libcurl info message cache 9 (Closing connection 7)
[2016.11.02-03.46.26:759][532]LogHttp:Warning: 0000025E0B6DE080: request failed, libcurl error: 6 (Couldn't resolve host name)
[2016.11.02-03.46.26:759][532]LogHttp:Warning: 0000025E0B6DE080: libcurl info message cache 8 (Could not resolve host: datarouter.ol.epicgames.com)
[2016.11.02-03.46.26:759][532]LogHttp:Warning: 0000025E0B6DE080: libcurl info message cache 9 (Closing connection 8)
[2016.11.02-03.51.16:987][870]LogEditorViewport: Clicking Background
[2016.11.02-03.51.17:118][879]LogHttp:Warning: 0000025E08BE4A00: request failed, libcurl error: 6 (Couldn't resolve host name)
[2016.11.02-03.51.17:119][879]LogHttp:Warning: 0000025E08BE4A00: libcurl info message cache 8 (Could not resolve host: datarouter.ol.epicgames.com)
[2016.11.02-03.51.17:119][879]LogHttp:Warning: 0000025E08BE4A00: libcurl info message cache 9 (Closing connection 9)
[2016.11.02-03.52.17:577][419]LogHttp:Warning: 0000025E08C46380: request failed, libcurl error: 6 (Couldn't resolve host name)
[2016.11.02-03.52.17:577][419]LogHttp:Warning: 0000025E08C46380: libcurl info message cache 8 (Could not resolve host: datarouter.ol.epicgames.com)
[2016.11.02-03.52.17:577][419]LogHttp:Warning: 0000025E08C46380: libcurl info message cache 9 (Closing connection 10)
[2016.11.02-03.53.54:464][943]LogBlueprintUserMessages: Early PlayInEditor Detection: Level '/Game/ThirdPersonBP/Maps/ThirdPersonExampleMap.ThirdPersonExampleMap:PersistentLevel' has LevelScriptBlueprint '/Game/ThirdPersonBP/Maps/ThirdPersonExampleMap.ThirdPersonExampleMap:PersistentLevel.ThirdPersonExampleMap' with GeneratedClass '/Game/ThirdPersonBP/Maps/ThirdPersonExampleMap.ThirdPersonExampleMap_C' with ClassGeneratedBy '/Game/ThirdPersonBP/Maps/ThirdPersonExampleMap.ThirdPersonExampleMap:PersistentLevel.ThirdPersonExampleMap'
[2016.11.02-03.53.54:464][943]BlueprintLog: New page: Pre-Play auto-recompile
[2016.11.02-03.53.54:464][943]LogPlayLevel: [PlayLevel] Compiling ThirdPersonCharacter before play...
[2016.11.02-03.53.54:731][943]LogPlayLevel: PlayLevel: Blueprint regeneration took 266 ms (1 blueprints)
[2016.11.02-03.53.54:731][943]PIE: New page: PIE session: ThirdPersonExampleMap (Nov 1, 2016, 6:53:54 PM)
[2016.11.02-03.53.54:731][943]LogPlayLevel: Creating play world package: /Game/ThirdPersonBP/Maps/UEDPIE_0_ThirdPersonExampleMap
[2016.11.02-03.53.54:764][943]LogPlayLevel: PIE: StaticDuplicateObject took: (0.032540s)
[2016.11.02-03.53.54:765][943]LogAIModule: Creating AISystem for world ThirdPersonExampleMap
[2016.11.02-03.53.54:766][943]LogPlayLevel: PIE: World Init took: (0.002005s)
[2016.11.02-03.53.54:766][943]LogPlayLevel: PIE: Created PIE world by copying editor world from /Game/ThirdPersonBP/Maps/ThirdPersonExampleMap.ThirdPersonExampleMap to /Game/ThirdPersonBP/Maps/UEDPIE_0_ThirdPersonExampleMap.ThirdPersonExampleMap (0.035078s)
[2016.11.02-03.53.54:802][943]LogInit: XAudio2 using 'Speakers (High Definition Audio Device)' : 2 channels at 44.1 kHz using 16 bits per sample (channel mask 0x3)
[2016.11.02-03.53.54:816][943]LogInit: FAudioDevice initialized.
[2016.11.02-03.53.54:935][943]LogWorld: Game class is 'ThirdPersonGameMode_C'
[2016.11.02-03.53.54:947][943]LogWorld: Bringing World /Game/ThirdPersonBP/Maps/UEDPIE_0_ThirdPersonExampleMap.ThirdPersonExampleMap up for play (max tick rate 0) at 2016.11.01-23.53.54
[2016.11.02-03.53.54:948][943]LogWorld: Bringing up level for play took: 0.010696
[2016.11.02-03.53.54:960][943]LogContentBrowser: Native class hierarchy updated for 'MovieSceneCapture' in 0.0009 seconds. Added 11 classes and 0 folders.
[2016.11.02-03.53.54:960][943]LogGameMode:Display: Match State Changed from EnteringMap to WaitingToStart
[2016.11.02-03.53.54:960][943]LogGameState: Match State Changed from EnteringMap to WaitingToStart
[2016.11.02-03.53.54:960][943]LogGameMode:Display: Match State Changed from WaitingToStart to InProgress
[2016.11.02-03.53.54:961][943]LogGameState: Match State Changed from WaitingToStart to InProgress
[2016.11.02-03.53.54:961][943]PIE: Info Play in editor start time for /Game/ThirdPersonBP/Maps/UEDPIE_0_ThirdPersonExampleMap -0.038
[2016.11.02-03.53.54:961][943]LogBlueprintUserMessages: Late PlayInEditor Detection: Level '/Game/ThirdPersonBP/Maps/ThirdPersonExampleMap.ThirdPersonExampleMap:PersistentLevel' has LevelScriptBlueprint '/Game/ThirdPersonBP/Maps/ThirdPersonExampleMap.ThirdPersonExampleMap:PersistentLevel.ThirdPersonExampleMap' with GeneratedClass '/Game/ThirdPersonBP/Maps/ThirdPersonExampleMap.ThirdPersonExampleMap_C' with ClassGeneratedBy '/Game/ThirdPersonBP/Maps/ThirdPersonExampleMap.ThirdPersonExampleMap:PersistentLevel.ThirdPersonExampleMap'
[2016.11.02-03.53.55:688][947]LogD3D11RHI: Timed out while waiting for GPU to catch up. (0.5 s)
[2016.11.02-03.54.36:473][ 86]LogHttp:Warning: 0000025E077B5000: request failed, libcurl error: 6 (Couldn't resolve host name)
[2016.11.02-03.54.36:473][ 86]LogHttp:Warning: 0000025E077B5000: libcurl info message cache 8 (Could not resolve host: datarouter.ol.epicgames.com)
[2016.11.02-03.54.36:473][ 86]LogHttp:Warning: 0000025E077B5000: libcurl info message cache 9 (Closing connection 11)
[2016.11.02-03.54.50:986][242]LogBlueprintUserMessages: Early EndPlayMap Detection: Level '/Game/ThirdPersonBP/Maps/ThirdPersonExampleMap.ThirdPersonExampleMap:PersistentLevel' has LevelScriptBlueprint '/Game/ThirdPersonBP/Maps/ThirdPersonExampleMap.ThirdPersonExampleMap:PersistentLevel.ThirdPersonExampleMap' with GeneratedClass '/Game/ThirdPersonBP/Maps/ThirdPersonExampleMap.ThirdPersonExampleMap_C' with ClassGeneratedBy '/Game/ThirdPersonBP/Maps/ThirdPersonExampleMap.ThirdPersonExampleMap:PersistentLevel.ThirdPersonExampleMap'
[2016.11.02-03.54.51:151][242]LogBlueprintUserMessages: Late EndPlayMap Detection: Level '/Game/ThirdPersonBP/Maps/ThirdPersonExampleMap.ThirdPersonExampleMap:PersistentLevel' has LevelScriptBlueprint '/Game/ThirdPersonBP/Maps/ThirdPersonExampleMap.ThirdPersonExampleMap:PersistentLevel.ThirdPersonExampleMap' with GeneratedClass '/Game/ThirdPersonBP/Maps/ThirdPersonExampleMap.ThirdPersonExampleMap_C' with ClassGeneratedBy '/Game/ThirdPersonBP/Maps/ThirdPersonExampleMap.ThirdPersonExampleMap:PersistentLevel.ThirdPersonExampleMap'
[2016.11.02-03.54.55:587][577]LogEditorViewport: Clicking on Actor (context menu): StaticMeshActor (Floor2)
[2016.11.02-03.54.55:759][579]LogEditorViewport: Clicking on Actor (context menu): StaticMeshActor (Floor2)
[2016.11.02-03.54.56:589][631]LogEditorViewport: Clicking on Actor (LMB): StaticMeshActor (Floor2)
[2016.11.02-03.54.57:393][685]LogBlueprintUserMessages: Early PlayInEditor Detection: Level '/Game/ThirdPersonBP/Maps/ThirdPersonExampleMap.ThirdPersonExampleMap:PersistentLevel' has LevelScriptBlueprint '/Game/ThirdPersonBP/Maps/ThirdPersonExampleMap.ThirdPersonExampleMap:PersistentLevel.ThirdPersonExampleMap' with GeneratedClass '/Game/ThirdPersonBP/Maps/ThirdPersonExampleMap.ThirdPersonExampleMap_C' with ClassGeneratedBy '/Game/ThirdPersonBP/Maps/ThirdPersonExampleMap.ThirdPersonExampleMap:PersistentLevel.ThirdPersonExampleMap'
[2016.11.02-03.54.57:393][685]LogPlayLevel: PlayLevel: No blueprints needed recompiling
[2016.11.02-03.54.57:393][685]PIE: New page: PIE session: ThirdPersonExampleMap (Nov 1, 2016, 6:54:57 PM)
[2016.11.02-03.54.57:393][685]LogPlayLevel: Creating play world package: /Game/ThirdPersonBP/Maps/UEDPIE_0_ThirdPersonExampleMap
[2016.11.02-03.54.57:416][685]LogPlayLevel: PIE: StaticDuplicateObject took: (0.023002s)
[2016.11.02-03.54.57:417][685]LogAIModule: Creating AISystem for world ThirdPersonExampleMap
[2016.11.02-03.54.57:418][685]LogPlayLevel: PIE: World Init took: (0.001356s)
[2016.11.02-03.54.57:418][685]LogPlayLevel: PIE: Created PIE world by copying editor world from /Game/ThirdPersonBP/Maps/ThirdPersonExampleMap.ThirdPersonExampleMap to /Game/ThirdPersonBP/Maps/UEDPIE_0_ThirdPersonExampleMap.ThirdPersonExampleMap (0.024651s)
[2016.11.02-03.54.57:439][685]LogInit: XAudio2 using 'Speakers (High Definition Audio Device)' : 2 channels at 44.1 kHz using 16 bits per sample (channel mask 0x3)
[2016.11.02-03.54.57:446][685]LogInit: FAudioDevice initialized.
[2016.11.02-03.54.57:474][685]LogWorld: Game class is 'ThirdPersonGameMode_C'
[2016.11.02-03.54.57:482][685]LogWorld: Bringing World /Game/ThirdPersonBP/Maps/UEDPIE_0_ThirdPersonExampleMap.ThirdPersonExampleMap up for play (max tick rate 0) at 2016.11.01-23.54.57
[2016.11.02-03.54.57:482][685]LogWorld: Bringing up level for play took: 0.006700
[2016.11.02-03.54.57:483][685]LogGameMode:Display: Match State Changed from EnteringMap to WaitingToStart
[2016.11.02-03.54.57:483][685]LogGameState: Match State Changed from EnteringMap to WaitingToStart
[2016.11.02-03.54.57:483][685]LogGameMode:Display: Match State Changed from WaitingToStart to InProgress
[2016.11.02-03.54.57:483][685]LogGameState: Match State Changed from WaitingToStart to InProgress
[2016.11.02-03.54.57:483][685]PIE: Info Play in editor start time for /Game/ThirdPersonBP/Maps/UEDPIE_0_ThirdPersonExampleMap 0.484
[2016.11.02-03.54.57:483][685]LogBlueprintUserMessages: Late PlayInEditor Detection: Level '/Game/ThirdPersonBP/Maps/ThirdPersonExampleMap.ThirdPersonExampleMap:PersistentLevel' has LevelScriptBlueprint '/Game/ThirdPersonBP/Maps/ThirdPersonExampleMap.ThirdPersonExampleMap:PersistentLevel.ThirdPersonExampleMap' with GeneratedClass '/Game/ThirdPersonBP/Maps/ThirdPersonExampleMap.ThirdPersonExampleMap_C' with ClassGeneratedBy '/Game/ThirdPersonBP/Maps/ThirdPersonExampleMap.ThirdPersonExampleMap:PersistentLevel.ThirdPersonExampleMap'
[2016.11.02-03.55.29:390][183]LogBlueprintUserMessages: Early EndPlayMap Detection: Level '/Game/ThirdPersonBP/Maps/ThirdPersonExampleMap.ThirdPersonExampleMap:PersistentLevel' has LevelScriptBlueprint '/Game/ThirdPersonBP/Maps/ThirdPersonExampleMap.ThirdPersonExampleMap:PersistentLevel.ThirdPersonExampleMap' with GeneratedClass '/Game/ThirdPersonBP/Maps/ThirdPersonExampleMap.ThirdPersonExampleMap_C' with ClassGeneratedBy '/Game/ThirdPersonBP/Maps/ThirdPersonExampleMap.ThirdPersonExampleMap:PersistentLevel.ThirdPersonExampleMap'
[2016.11.02-03.55.29:449][183]LogBlueprintUserMessages: Late EndPlayMap Detection: Level '/Game/ThirdPersonBP/Maps/ThirdPersonExampleMap.ThirdPersonExampleMap:PersistentLevel' has LevelScriptBlueprint '/Game/ThirdPersonBP/Maps/ThirdPersonExampleMap.ThirdPersonExampleMap:PersistentLevel.ThirdPersonExampleMap' with GeneratedClass '/Game/ThirdPersonBP/Maps/ThirdPersonExampleMap.ThirdPersonExampleMap_C' with ClassGeneratedBy '/Game/ThirdPersonBP/Maps/ThirdPersonExampleMap.ThirdPersonExampleMap:PersistentLevel.ThirdPersonExampleMap'
[2016.11.02-03.55.57:435][311]LogHttp:Warning: 0000025E0C4DE500: request failed, libcurl error: 6 (Couldn't resolve host name)
[2016.11.02-03.55.57:435][311]LogHttp:Warning: 0000025E0C4DE500: libcurl info message cache 8 (Could not resolve host: datarouter.ol.epicgames.com)
[2016.11.02-03.55.57:435][311]LogHttp:Warning: 0000025E0C4DE500: libcurl info message cache 9 (Closing connection 12)
[2016.11.02-03.56.59:988][ 93]LogHttp:Warning: 0000025E05AB9000: request failed, libcurl error: 6 (Couldn't resolve host name)
[2016.11.02-03.56.59:988][ 93]LogHttp:Warning: 0000025E05AB9000: libcurl info message cache 8 (Could not resolve host: datarouter.ol.epicgames.com)
[2016.11.02-03.56.59:988][ 93]LogHttp:Warning: 0000025E05AB9000: libcurl info message cache 9 (Closing connection 13)
[2016.11.02-03.57.01:553][154]LogSavePackage: Save=424.60ms
[2016.11.02-03.57.01:553][154]LogSavePackage: Moving '../../../../../../Users/lendon/Downloads/Project_OSA_v0.0.1 4.13/Saved/ThirdPersonExampleMap_Auto2DC83F89B431CBDDAA2CD9AB1DEA80B4B.tmp' to '../../../../../../Users/lendon/Downloads/Project_OSA_v0.0.1 4.13/Saved/Autosaves/Game/ThirdPersonBP/Maps/ThirdPersonExampleMap_Auto2.umap'
[2016.11.02-03.57.01:555][154]LogSavePackage:Display: Finished SavePackage ../../../../../../Users/lendon/Downloads/Project_OSA_v0.0.1 4.13/Saved/Autosaves/Game/ThirdPersonBP/Maps/ThirdPersonExampleMap_Auto2.umap
[2016.11.02-03.57.01:556][154]LogFileHelpers: Editor autosave (incl. sublevels) for '/Game/ThirdPersonBP/Maps/ThirdPersonExampleMap' took 0.482
[2016.11.02-03.57.01:556][154]LogFileHelpers: Editor autosave (incl. sublevels) for all levels took 0.482
[2016.11.02-03.57.01:559][154]OBJ SavePackage: Generating thumbnails for [1] asset(s) in package [/Game/ThirdPersonBP/Blueprints/ThirdPersonCharacter] ([1] browsable assets)...
[2016.11.02-03.57.01:593][154]OBJ SavePackage:     Rendered thumbnail for [Blueprint /Game/ThirdPersonBP/Blueprints/ThirdPersonCharacter.ThirdPersonCharacter]
[2016.11.02-03.57.01:593][154]OBJ SavePackage: Finished generating thumbnails for package [/Game/ThirdPersonBP/Blueprints/ThirdPersonCharacter]
[2016.11.02-03.57.01:688][154]LogSavePackage: Save=78.50ms
[2016.11.02-03.57.01:688][154]LogSavePackage: Moving '../../../../../../Users/lendon/Downloads/Project_OSA_v0.0.1 4.13/Saved/ThirdPersonCharacter_Auto29E0B613846F1E942AC8ECFA92C39C91B.tmp' to '../../../../../../Users/lendon/Downloads/Project_OSA_v0.0.1 4.13/Saved/Autosaves/Game/ThirdPersonBP/Blueprints/ThirdPersonCharacter_Auto2.uasset'
[2016.11.02-03.57.01:690][154]LogSavePackage:Display: Finished SavePackage ../../../../../../Users/lendon/Downloads/Project_OSA_v0.0.1 4.13/Saved/Autosaves/Game/ThirdPersonBP/Blueprints/ThirdPersonCharacter_Auto2.uasset
[2016.11.02-03.57.01:690][154]LogFileHelpers: Auto-saving content packages took 0.133
[2016.11.02-03.58.17:772][249]LogActorComponent: UnregisterComponent: (/Engine/Transient.EditorFloorComp) Not registered. Aborting.
[2016.11.02-03.58.45:396][249]LogSavePackage: Save=1074.21ms
[2016.11.02-03.58.45:397][249]LogSavePackage: Moving '../../../../../../Users/lendon/Downloads/Project_OSA_v0.0.1 4.13/Saved/Tutorial_BP_ClassCFF9211B41120DEEE864B490FF99E2A7.tmp' to '../../../Engine/Content/Tutorial/BlueprintTutorials/TutorialAssets/Tutorial_BP_Class.uasset'
[2016.11.02-03.58.45:661][249]LogSavePackage:Display: Finished SavePackage ../../../Engine/Content/Tutorial/BlueprintTutorials/TutorialAssets/Tutorial_BP_Class.uasset
[2016.11.02-03.59.01:015][249]LogSavePackage: Save=14167.88ms
[2016.11.02-03.59.01:019][249]LogSavePackage: Moving '../../../../../../Users/lendon/Downloads/Project_OSA_v0.0.1 4.13/Saved/ThirdPersonCharacterB6ADBD6B4FEBD16DC667A090E89602DF.tmp' to '../../../../../../Users/lendon/Downloads/Project_OSA_v0.0.1 4.13/Content/ThirdPersonBP/Blueprints/ThirdPersonCharacter.uasset'
[2016.11.02-03.59.01:416][249]LogSavePackage:Display: Finished SavePackage ../../../../../../Users/lendon/Downloads/Project_OSA_v0.0.1 4.13/Content/ThirdPersonBP/Blueprints/ThirdPersonCharacter.uasset
[2016.11.02-03.59.40:765][249]LogSavePackage: Save=16485.51ms
[2016.11.02-03.59.40:765][249]LogSavePackage: Moving '../../../../../../Users/lendon/Downloads/Project_OSA_v0.0.1 4.13/Saved/ThirdPersonExampleMapE343A8FF405A910C7B19EC8A78628396.tmp' to '../../../../../../Users/lendon/Downloads/Project_OSA_v0.0.1 4.13/Content/ThirdPersonBP/Maps/ThirdPersonExampleMap.umap'
[2016.11.02-03.59.40:825][249]LogSavePackage:Display: Finished SavePackage ../../../../../../Users/lendon/Downloads/Project_OSA_v0.0.1 4.13/Content/ThirdPersonBP/Maps/ThirdPersonExampleMap.umap
[2016.11.02-03.59.41:112][249]LogFileHelpers: Saving map 'ThirdPersonExampleMap' took 39.109
[2016.11.02-03.59.41:885][249]LogWindowsTextInputMethodSystem:Display: IME system now deactivated.
[2016.11.02-03.59.43:204][250]Cmd: QUIT_EDITOR
[2016.11.02-03.59.44:482][250]LogExit: Preparing to exit.
[2016.11.02-03.59.45:794][250]LogDirectoryWatcher: A directory notification for 'C:/Users/lendon/Downloads/Project_OSA_v0.0.1 4.13/Content/' was aborted.
[2016.11.02-03.59.46:273][250]LogExit: Editor shut down
[2016.11.02-03.59.46:278][250]LogExit: Transaction tracking system shut down
[2016.11.02-03.59.48:711][250]LogObj: Freed 0b from 0 cluster array pools.
[2016.11.02-03.59.48:712][250]LogExit: Object subsystem successfully closed.
[2016.11.02-03.59.48:808][250]LogD3D11RHI: Shutdown
[2016.11.02-03.59.48:809][250]LogD3D11RHI: CleanupD3DDevice
[2016.11.02-03.59.49:773][250]LogD3D11RHI: ~FD3D11DynamicRHI
[2016.11.02-03.59.50:216][250]LogModuleManager: Shutting down and abandoning module MovieSceneCapture (236)
[2016.11.02-03.59.50:216][250]LogModuleManager: Shutting down and abandoning module BlueprintGraph (235)
[2016.11.02-03.59.50:216][250]LogModuleManager: Shutting down and abandoning module BlueprintProfiler (234)
[2016.11.02-03.59.50:217][250]LogModuleManager: Shutting down and abandoning module HierarchicalLODOutliner (233)
[2016.11.02-03.59.50:217][250]LogModuleManager: Shutting down and abandoning module CrashTracker (232)
[2016.11.02-03.59.50:217][250]LogModuleManager: Shutting down and abandoning module SceneOutliner (231)
[2016.11.02-03.59.50:217][250]LogModuleManager: Shutting down and abandoning module WidgetCarousel (230)
[2016.11.02-03.59.50:217][250]LogModuleManager: Shutting down and abandoning module AddContentDialog (229)
[2016.11.02-03.59.50:218][250]LogDirectoryWatcher: A directory notification for 'C:/Program Files (x86)/Epic Games/4.13/FeaturePacks/' was aborted.
[2016.11.02-03.59.50:228][250]LogModuleManager: Shutting down and abandoning module GameplayTags (228)
[2016.11.02-03.59.50:228][250]LogModuleManager: Shutting down and abandoning module EditorWidgets (227)
[2016.11.02-03.59.50:228][250]LogModuleManager: Shutting down and abandoning module CollectionManager (226)
[2016.11.02-03.59.50:229][250]LogDirectoryWatcher: A directory notification for 'C:/Users/lendon/Downloads/Project_OSA_v0.0.1 4.13/Content/Collections/' was aborted.
[2016.11.02-03.59.50:230][250]LogDirectoryWatcher: A directory notification for 'C:/Users/lendon/Downloads/Project_OSA_v0.0.1 4.13/Content/Developers/lendon/Collections/' was aborted.
[2016.11.02-03.59.50:230][250]LogDirectoryWatcher: A directory notification for 'C:/Users/lendon/Downloads/Project_OSA_v0.0.1 4.13/Saved/Collections/' was aborted.
[2016.11.02-03.59.50:231][250]LogModuleManager: Shutting down and abandoning module StatsViewer (225)
[2016.11.02-03.59.50:231][250]LogModuleManager: Shutting down and abandoning module FoliageEdit (224)
[2016.11.02-03.59.50:232][250]LogModuleManager: Shutting down and abandoning module LandscapeEditor (223)
[2016.11.02-03.59.50:235][250]LogModuleManager: Shutting down and abandoning module SceneDepthPickerMode (222)
[2016.11.02-03.59.50:235][250]LogModuleManager: Shutting down and abandoning module ActorPickerMode (221)
[2016.11.02-03.59.50:235][250]LogModuleManager: Shutting down and abandoning module GeometryMode (220)
[2016.11.02-03.59.50:235][250]LogModuleManager: Shutting down and abandoning module TextureAlignMode (219)
[2016.11.02-03.59.50:235][250]LogModuleManager: Shutting down and abandoning module BspMode (218)
[2016.11.02-03.59.50:236][250]LogModuleManager: Shutting down and abandoning module HardwareSurvey (217)
[2016.11.02-03.59.50:236][250]LogModuleManager: Shutting down and abandoning module SequenceRecorderSections (216)
[2016.11.02-03.59.50:236][250]LogModuleManager: Shutting down and abandoning module SequenceRecorder (215)
[2016.11.02-03.59.50:236][250]LogModuleManager: Shutting down and abandoning module AutomationWorker (214)
[2016.11.02-03.59.50:237][250]LogModuleManager: Shutting down and abandoning module MatineeToLevelSequence (213)
[2016.11.02-03.59.50:237][250]LogModuleManager: Shutting down and abandoning module PlacementMode (212)
[2016.11.02-03.59.50:238][250]LogModuleManager: Shutting down and abandoning module LevelSequenceEditor (211)
[2016.11.02-03.59.50:240][250]LogModuleManager: Shutting down and abandoning module WmfMediaFactory (210)
[2016.11.02-03.59.50:240][250]LogModuleManager: Shutting down and abandoning module WmfMediaEditor (209)
[2016.11.02-03.59.50:240][250]LogModuleManager: Shutting down and abandoning module AvfMediaFactory (208)
[2016.11.02-03.59.50:240][250]LogModuleManager: Shutting down and abandoning module AvfMediaEditor (207)
[2016.11.02-03.59.50:241][250]LogModuleManager: Shutting down and abandoning module Media (206)
[2016.11.02-03.59.50:241][250]LogModuleManager: Shutting down and abandoning module AndroidMediaFactory (205)
[2016.11.02-03.59.50:241][250]LogModuleManager: Shutting down and abandoning module AndroidMediaEditor (204)
[2016.11.02-03.59.50:241][250]LogModuleManager: Shutting down and abandoning module CharacterAI (203)
[2016.11.02-03.59.50:241][250]LogModuleManager: Shutting down and abandoning module SmartSnapping (202)
[2016.11.02-03.59.50:241][250]LogModuleManager: Shutting down and abandoning module SessionServices (201)
[2016.11.02-03.59.50:242][250]LogModuleManager: Shutting down and abandoning module ViewportSnapping (200)
[2016.11.02-03.59.50:242][250]LogModuleManager: Shutting down and abandoning module ViewportInteraction (199)
[2016.11.02-03.59.50:242][250]LogModuleManager: Shutting down and abandoning module LogVisualizer (198)
[2016.11.02-03.59.50:244][250]LogModuleManager: Shutting down and abandoning module GameProjectGeneration (197)
[2016.11.02-03.59.50:244][250]LogModuleManager: Shutting down and abandoning module IntroTutorials (196)
[2016.11.02-03.59.50:245][250]LogModuleManager: Shutting down and abandoning module EditorLiveStreaming (195)
[2016.11.02-03.59.50:245][250]LogModuleManager: Shutting down and abandoning module IOSPlatformEditor (194)
[2016.11.02-03.59.50:245][250]LogModuleManager: Shutting down and abandoning module HTML5PlatformEditor (193)
[2016.11.02-03.59.50:246][250]LogModuleManager: Shutting down and abandoning module AndroidDeviceDetection (192)
[2016.11.02-03.59.51:065][250]LogModuleManager: Shutting down and abandoning module AndroidPlatformEditor (191)
[2016.11.02-03.59.51:066][250]LogModuleManager: Shutting down and abandoning module IOSRuntimeSettings (190)
[2016.11.02-03.59.51:066][250]LogModuleManager: Shutting down and abandoning module AndroidRuntimeSettings (189)
[2016.11.02-03.59.51:066][250]LogModuleManager: Shutting down and abandoning module NiagaraEditor (188)
[2016.11.02-03.59.51:066][250]LogModuleManager: Shutting down and abandoning module MergeActors (187)
[2016.11.02-03.59.51:067][250]LogModuleManager: Shutting down and abandoning module SizeMap (186)
[2016.11.02-03.59.51:067][250]LogModuleManager: Shutting down and abandoning module TreeMap (185)
[2016.11.02-03.59.51:067][250]LogModuleManager: Shutting down and abandoning module ReferenceViewer (184)
[2016.11.02-03.59.51:067][250]LogModuleManager: Shutting down and abandoning module LocalizationService (183)
[2016.11.02-03.59.51:068][250]LogModuleManager: Shutting down and abandoning module LocalizationDashboard (182)
[2016.11.02-03.59.51:069][250]LogModuleManager: Shutting down and abandoning module HardwareTargeting (181)
[2016.11.02-03.59.51:069][250]LogModuleManager: Shutting down and abandoning module DeviceProfileEditor (180)
[2016.11.02-03.59.51:069][250]LogModuleManager: Shutting down and abandoning module UndoHistory (179)
[2016.11.02-03.59.51:070][250]LogModuleManager: Shutting down and abandoning module UserFeedback (178)
[2016.11.02-03.59.51:070][250]LogModuleManager: Shutting down and abandoning module XmlParser (177)
[2016.11.02-03.59.51:070][250]LogModuleManager: Shutting down and abandoning module Blutility (176)
[2016.11.02-03.59.51:070][250]LogModuleManager: Shutting down and abandoning module ProjectTargetPlatformEditor (175)
[2016.11.02-03.59.51:072][250]LogModuleManager: Shutting down and abandoning module ProjectSettingsViewer (174)
[2016.11.02-03.59.51:073][250]LogModuleManager: Shutting down and abandoning module InputBindingEditor (173)
[2016.11.02-03.59.51:075][250]LogModuleManager: Shutting down and abandoning module EditorSettingsViewer (172)
[2016.11.02-03.59.51:076][250]LogModuleManager: Shutting down and abandoning module SettingsEditor (171)
[2016.11.02-03.59.51:076][250]LogModuleManager: Shutting down and abandoning module ProjectLauncher (170)
[2016.11.02-03.59.51:076][250]LogModuleManager: Shutting down and abandoning module SessionFrontend (169)
[2016.11.02-03.59.51:077][250]LogModuleManager: Shutting down and abandoning module ProfilerClient (168)
[2016.11.02-03.59.51:077][250]LogModuleManager: Shutting down and abandoning module TargetDeviceServices (167)
[2016.11.02-03.59.51:078][250]LogModuleManager: Shutting down and abandoning module DeviceManager (166)
[2016.11.02-03.59.51:132][250]LogModuleManager: Shutting down and abandoning module AutomationController (165)
[2016.11.02-03.59.51:132][250]LogModuleManager: Shutting down and abandoning module AutomationWindow (164)
[2016.11.02-03.59.51:133][250]LogModuleManager: Shutting down and abandoning module Layers (163)
[2016.11.02-03.59.51:133][250]LogModuleManager: Shutting down and abandoning module ComponentVisualizers (162)
[2016.11.02-03.59.51:134][250]LogModuleManager: Shutting down and abandoning module DetailCustomizations (161)
[2016.11.02-03.59.51:134][250]LogModuleManager: Shutting down and abandoning module PackagesDialog (160)
[2016.11.02-03.59.51:136][250]LogModuleManager: Shutting down and abandoning module AnimGraph (159)
[2016.11.02-03.59.51:137][250]LogModuleManager: Shutting down and abandoning module Persona (158)
[2016.11.02-03.59.51:137][250]LogModuleManager: Shutting down and abandoning module Kismet (157)
[2016.11.02-03.59.51:194][250]LogModuleManager: Shutting down and abandoning module GraphEditor (156)
[2016.11.02-03.59.51:195][250]LogModuleManager: Shutting down and abandoning module ClassViewer (155)
[2016.11.02-03.59.51:195][250]LogModuleManager: Shutting down and abandoning module Toolbox (154)
[2016.11.02-03.59.51:196][250]LogModuleManager: Shutting down and abandoning module ModuleUI (153)
[2016.11.02-03.59.51:196][250]LogModuleManager: Shutting down and abandoning module MovieSceneTools (152)
[2016.11.02-03.59.51:196][250]LogModuleManager: Shutting down and abandoning module OutputLog (151)
[2016.11.02-03.59.51:197][250]LogModuleManager: Shutting down and abandoning module GammaUI (150)
[2016.11.02-03.59.51:197][250]LogModuleManager: Shutting down and abandoning module Documentation (149)
[2016.11.02-03.59.51:198][250]LogModuleManager: Shutting down and abandoning module Niagara (148)
[2016.11.02-03.59.51:198][250]LogModuleManager: Shutting down and abandoning module StreamingPauseRendering (147)
[2016.11.02-03.59.51:198][250]LogModuleManager: Shutting down and abandoning module AnalyticsET (146)
[2016.11.02-03.59.51:198][250]LogModuleManager: Shutting down and abandoning module PortalServices (145)
[2016.11.02-03.59.51:198][250]LogModuleManager: Shutting down and abandoning module PortalRpc (144)
[2016.11.02-03.59.51:198][250]LogModuleManager: Shutting down and abandoning module MessagingRpc (143)
[2016.11.02-03.59.51:199][250]LogModuleManager: Shutting down and abandoning module GameplayDebugger (142)
[2016.11.02-03.59.51:199][250]LogModuleManager: Shutting down and abandoning module AITestSuite (141)
[2016.11.02-03.59.51:199][250]LogModuleManager: Shutting down and abandoning module AIModule (140)
[2016.11.02-03.59.51:200][250]LogModuleManager: Shutting down and abandoning module ProfilerService (139)
[2016.11.02-03.59.51:249][250]LogModuleManager: Shutting down and abandoning module TaskGraph (138)
[2016.11.02-03.59.51:250][250]LogModuleManager: Shutting down and abandoning module SlateRemote (137)
[2016.11.02-03.59.51:250][250]LogModuleManager: Shutting down and abandoning module SteamVRController (136)
[2016.11.02-03.59.51:250][250]LogModuleManager: Shutting down and abandoning module SteamVR (135)
[2016.11.02-03.59.51:250][250]LogModuleManager: Shutting down and abandoning module ProceduralMeshComponentEditor (134)
[2016.11.02-03.59.51:250][250]LogModuleManager: Shutting down and abandoning module ProceduralMeshComponent (133)
[2016.11.02-03.59.51:250][250]LogModuleManager: Shutting down and abandoning module OculusLibrary (132)
[2016.11.02-03.59.51:251][250]LogModuleManager: Shutting down and abandoning module OculusInput (131)
[2016.11.02-03.59.51:251][250]LogModuleManager: Shutting down and abandoning module CustomMeshComponent (130)
[2016.11.02-03.59.51:251][250]LogModuleManager: Shutting down and abandoning module CableComponent (129)
[2016.11.02-03.59.51:251][250]LogModuleManager: Shutting down and abandoning module ArchVisCharacter (128)
[2016.11.02-03.59.51:251][250]LogModuleManager: Shutting down and abandoning module MediaPlayerEditor (126)
[2016.11.02-03.59.51:251][250]LogModuleManager: Shutting down and abandoning module HTML5Networking (125)
[2016.11.02-03.59.51:252][250]LogModuleManager: Shutting down and abandoning module GeometryCacheEd (124)
[2016.11.02-03.59.51:252][250]LogModuleManager: Shutting down and abandoning module GeometryCache (123)
[2016.11.02-03.59.51:252][250]LogModuleManager: Shutting down and abandoning module AlembicLibrary (122)
[2016.11.02-03.59.51:252][250]LogModuleManager: Shutting down and abandoning module AlembicImporter (121)
[2016.11.02-03.59.51:252][250]LogModuleManager: Shutting down and abandoning module SuperSearch (120)
[2016.11.02-03.59.51:252][250]LogModuleManager: Shutting down and abandoning module SuperSearchEditor (119)
[2016.11.02-03.59.51:252][250]LogModuleManager: Shutting down and abandoning module SpeedTreeImporter (118)
[2016.11.02-03.59.51:252][250]LogModuleManager: Shutting down and abandoning module PluginBrowser (117)
[2016.11.02-03.59.51:253][250]LogModuleManager: Shutting down and abandoning module MobileLauncherProfileWizard (116)
[2016.11.02-03.59.51:253][250]LogModuleManager: Shutting down and abandoning module EpicSurvey (115)
[2016.11.02-03.59.51:253][250]LogModuleManager: Shutting down and abandoning module DesktopPlatform (114)
[2016.11.02-03.59.51:253][250]LogModuleManager: Shutting down and abandoning module VisualStudioSourceCodeAccess (113)
[2016.11.02-03.59.51:254][250]LogModuleManager: Shutting down and abandoning module UObjectPlugin (112)
[2016.11.02-03.59.51:254][250]LogModuleManager: Shutting down and abandoning module SubversionSourceControl (111)
[2016.11.02-03.59.51:254][250]LogModuleManager: Shutting down and abandoning module PerforceSourceControl (110)
[2016.11.02-03.59.51:254][250]LogModuleManager: Shutting down and abandoning module SourceControl (109)
[2016.11.02-03.59.51:255][250]LogModuleManager: Shutting down and abandoning module GitSourceControl (108)
[2016.11.02-03.59.51:255][250]LogModuleManager: Shutting down and abandoning module LightPropagationVolumeEditor (107)
[2016.11.02-03.59.51:255][250]LogModuleManager: Shutting down and abandoning module PaperTiledImporter (106)
[2016.11.02-03.59.51:255][250]LogModuleManager: Shutting down and abandoning module PaperSpriteSheetImporter (105)
[2016.11.02-03.59.51:255][250]LogModuleManager: Shutting down and abandoning module MeshPaint (104)
[2016.11.02-03.59.51:255][250]LogModuleManager: Shutting down and abandoning module FbxAutomationBuilderModule (103)
[2016.11.02-03.59.51:256][250]LogModuleManager: Shutting down and abandoning module PixelInspectorModule (102)
[2016.11.02-03.59.51:256][250]LogModuleManager: Shutting down and abandoning module HotReload (101)
[2016.11.02-03.59.51:260][250]LogModuleManager: Shutting down and abandoning module MainFrame (100)
[2016.11.02-03.59.51:260][250]LogModuleManager: Shutting down and abandoning module LevelEditor (99)
[2016.11.02-03.59.51:269][250]LogModuleManager: Shutting down and abandoning module ContentBrowser (98)
[2016.11.02-03.59.51:279][250]LogModuleManager: Shutting down and abandoning module Paper2DEditor (97)
[2016.11.02-03.59.51:279][250]LogModuleManager: Shutting down and abandoning module UdpMessaging (96)
[2016.11.02-03.59.51:380][250]LogModuleManager: Shutting down and abandoning module TcpMessaging (95)
[2016.11.02-03.59.51:481][250]LogModuleManager: Shutting down and abandoning module LightPropagationVolumeRuntime (94)
[2016.11.02-03.59.51:481][250]LogModuleManager: Shutting down and abandoning module Paper2D (93)
[2016.11.02-03.59.51:481][250]LogModuleManager: Shutting down and abandoning module WindowsMoviePlayer (92)
[2016.11.02-03.59.51:482][250]LogModuleManager: Shutting down and abandoning module WmfMedia (91)
[2016.11.02-03.59.51:483][250]LogModuleManager: Shutting down and abandoning module MediaAssets (90)
[2016.11.02-03.59.51:483][250]LogModuleManager: Shutting down and abandoning module GameLiveStreaming (89)
[2016.11.02-03.59.51:484][250]LogModuleManager: Shutting down and abandoning module GameplayTagsEditor (88)
[2016.11.02-03.59.51:484][250]LogModuleManager: Shutting down and abandoning module VREditor (87)
[2016.11.02-03.59.51:484][250]LogModuleManager: Shutting down and abandoning module GameplayTasksEditor (86)
[2016.11.02-03.59.51:485][250]LogModuleManager: Shutting down and abandoning module PropertyEditor (85)
[2016.11.02-03.59.51:485][250]LogModuleManager: Shutting down and abandoning module BehaviorTreeEditor (84)
[2016.11.02-03.59.51:485][250]LogModuleManager: Shutting down and abandoning module FunctionalTesting (83)
[2016.11.02-03.59.51:485][250]LogModuleManager: Shutting down and abandoning module CollisionAnalyzer (82)
[2016.11.02-03.59.51:485][250]LogModuleManager: Shutting down and abandoning module Sequencer (81)
[2016.11.02-03.59.51:486][250]LogModuleManager: Shutting down and abandoning module WorkspaceMenuStructure (80)
[2016.11.02-03.59.51:486][250]LogModuleManager: Shutting down and abandoning module MessageLog (79)
[2016.11.02-03.59.51:486][250]LogModuleManager: Shutting down and abandoning module AssetTools (78)
[2016.11.02-03.59.51:487][250]LogModuleManager: Shutting down and abandoning module UMGEditor (77)
[2016.11.02-03.59.51:487][250]LogModuleManager: Shutting down and abandoning module UMG (76)
[2016.11.02-03.59.51:487][250]LogModuleManager: Shutting down and abandoning module SlateReflector (75)
[2016.11.02-03.59.51:488][250]LogModuleManager: Shutting down and abandoning module Slate (74)
[2016.11.02-03.59.51:488][250]LogModuleManager: Shutting down and abandoning module EditorStyle (73)
[2016.11.02-03.59.51:524][250]LogModuleManager: Shutting down and abandoning module SourceCodeAccess (72)
[2016.11.02-03.59.51:524][250]LogModuleManager: Shutting down and abandoning module HeadMountedDisplay (71)
[2016.11.02-03.59.51:524][250]LogModuleManager: Shutting down and abandoning module XAudio2 (70)
[2016.11.02-03.59.51:524][250]LogModuleManager: Shutting down and abandoning module Networking (68)
[2016.11.02-03.59.51:524][250]LogModuleManager: Shutting down and abandoning module Core (67)
[2016.11.02-03.59.51:524][250]LogModuleManager: Shutting down and abandoning module DirectoryWatcher (66)
[2016.11.02-03.59.51:525][250]LogDirectoryWatcher: A directory notification for '../../../Engine/Content/' was aborted.
[2016.11.02-03.59.51:526][250]LogDirectoryWatcher: A directory notification for '../../../../../../Users/lendon/Downloads/Project_OSA_v0.0.1 4.13/Content/' was aborted.
[2016.11.02-03.59.51:526][250]LogDirectoryWatcher: A directory notification for '../../../Engine/Plugins/2D/Paper2D/Content/' was aborted.
[2016.11.02-03.59.51:533][250]LogModuleManager: Shutting down and abandoning module AssetRegistry (65)
[2016.11.02-03.59.51:998][250]LogModuleManager: Shutting down and abandoning module KismetCompiler (64)
[2016.11.02-03.59.51:998][250]LogModuleManager: Shutting down and abandoning module PhysXFormats (63)
[2016.11.02-03.59.51:998][250]LogModuleManager: Shutting down and abandoning module MeshUtilities (62)
[2016.11.02-03.59.51:998][250]LogModuleManager: Shutting down and abandoning module DerivedDataCache (61)
[2016.11.02-03.59.52:029][250]LogDerivedDataCache: Shutdown
[2016.11.02-03.59.52:029][250]LogModuleManager: Shutting down and abandoning module VulkanShaderFormat (60)
[2016.11.02-03.59.52:030][250]LogModuleManager: Shutting down and abandoning module ShaderFormatOpenGL (59)
[2016.11.02-03.59.52:030][250]LogModuleManager: Shutting down and abandoning module ShaderFormatD3D (58)
[2016.11.02-03.59.52:030][250]LogModuleManager: Shutting down and abandoning module MetalShaderFormat (57)
[2016.11.02-03.59.52:030][250]LogModuleManager: Shutting down and abandoning module TextureFormatUncompressed (56)
[2016.11.02-03.59.52:031][250]LogModuleManager: Shutting down and abandoning module TextureFormatPVR (55)
[2016.11.02-03.59.52:031][250]LogModuleManager: Shutting down and abandoning module TextureFormatDXT (54)
[2016.11.02-03.59.52:031][250]LogModuleManager: Shutting down and abandoning module TextureFormatIntelISPCTexComp (53)
[2016.11.02-03.59.52:033][250]LogModuleManager: Shutting down and abandoning module ImageWrapper (52)
[2016.11.02-03.59.52:034][250]LogModuleManager: Shutting down and abandoning module TextureFormatASTC (51)
[2016.11.02-03.59.52:034][250]LogModuleManager: Shutting down and abandoning module TextureFormatAndroid (50)
[2016.11.02-03.59.52:034][250]LogModuleManager: Shutting down and abandoning module AudioFormatOpus (49)
[2016.11.02-03.59.52:034][250]LogModuleManager: Shutting down and abandoning module AudioFormatOgg (48)
[2016.11.02-03.59.52:035][250]LogModuleManager: Shutting down and abandoning module AudioFormatADPCM (47)
[2016.11.02-03.59.52:035][250]LogModuleManager: Shutting down and abandoning module LinuxTargetPlatform (46)
[2016.11.02-03.59.52:035][250]LogModuleManager: Shutting down and abandoning module LinuxServerTargetPlatform (45)
[2016.11.02-03.59.52:035][250]LogModuleManager: Shutting down and abandoning module LinuxNoEditorTargetPlatform (44)
[2016.11.02-03.59.52:036][250]LogModuleManager: Shutting down and abandoning module LinuxClientTargetPlatform (43)
[2016.11.02-03.59.52:036][250]LogModuleManager: Shutting down and abandoning module TVOSTargetPlatform (42)
[2016.11.02-03.59.52:036][250]LogModuleManager: Shutting down and abandoning module Messaging (41)
[2016.11.02-03.59.52:036][250]LogModuleManager: Shutting down and abandoning module IOSTargetPlatform (40)
[2016.11.02-03.59.52:036][250]LogModuleManager: Shutting down and abandoning module HTML5TargetPlatform (39)
[2016.11.02-03.59.52:037][250]LogModuleManager: Shutting down and abandoning module Android_PVRTCTargetPlatform (38)
[2016.11.02-03.59.52:037][250]LogModuleManager: Shutting down and abandoning module Android_MultiTargetPlatform (37)
[2016.11.02-03.59.52:037][250]LogModuleManager: Shutting down and abandoning module Android_ETC2TargetPlatform (36)
[2016.11.02-03.59.52:038][250]LogModuleManager: Shutting down and abandoning module Android_ETC1TargetPlatform (35)
[2016.11.02-03.59.52:038][250]LogModuleManager: Shutting down and abandoning module Android_DXTTargetPlatform (34)
[2016.11.02-03.59.52:038][250]LogModuleManager: Shutting down and abandoning module Android_ATCTargetPlatform (33)
[2016.11.02-03.59.52:038][250]LogModuleManager: Shutting down and abandoning module Android_ASTCTargetPlatform (32)
[2016.11.02-03.59.52:038][250]LogModuleManager: Shutting down and abandoning module AndroidTargetPlatform (31)
[2016.11.02-03.59.52:039][250]LogModuleManager: Shutting down and abandoning module WindowsTargetPlatform (30)
[2016.11.02-03.59.52:039][250]LogModuleManager: Shutting down and abandoning module WindowsServerTargetPlatform (29)
[2016.11.02-03.59.52:039][250]LogModuleManager: Shutting down and abandoning module WindowsNoEditorTargetPlatform (28)
[2016.11.02-03.59.52:039][250]LogModuleManager: Shutting down and abandoning module WindowsClientTargetPlatform (27)
[2016.11.02-03.59.52:039][250]LogModuleManager: Shutting down and abandoning module AllDesktopTargetPlatform (26)
[2016.11.02-03.59.52:040][250]LogModuleManager: Shutting down and abandoning module TargetPlatform (25)
[2016.11.02-03.59.52:040][250]LogModuleManager: Shutting down and abandoning module InputCore (24)
[2016.11.02-03.59.52:040][250]LogModuleManager: Shutting down and abandoning module Settings (23)
[2016.11.02-03.59.52:040][250]LogModuleManager: Shutting down and abandoning module OculusRift (22)
[2016.11.02-03.59.52:040][250]LogModuleManager: Shutting down and abandoning module GearVR (21)
[2016.11.02-03.59.52:041][250]LogModuleManager: Shutting down and abandoning module ExampleDeviceProfileSelector (20)
[2016.11.02-03.59.52:041][250]LogModuleManager: Shutting down and abandoning module OnlineBlueprintSupport (19)
[2016.11.02-03.59.52:041][250]LogModuleManager: Shutting down and abandoning module OnlineSubsystem (17)
[2016.11.02-03.59.52:041][250]LogOnline:Display: Unloading online subsystem: NULL
[2016.11.02-03.59.52:042][250]LogModuleManager: Shutting down and abandoning module HTTP (16)
[2016.11.02-03.59.52:042][250]LogHttp:Display: Http module shutting down, but needs to wait on 1 outstanding Http requests:
[2016.11.02-03.59.52:042][250]LogHttp:Display: 	verb=[POST] url=[https://datarouter.ol.epicgames.com/datarouter/api/v1/public/data?SessionID=%7B41AA2E2B-4969-9179-3EF5-C8A4A9A6A22E%7D&AppID=UEEditor.Rocket.Release&AppVersion=4.13.1-3142249%2B%2B%2BUE4%2BRelease-4.13&UserID=3a849e5a4bf293ebed6d6db17b8a1136%7C67e1c4acaccf4e118afddf805a767c6f%7C74438c07-255c-4e45-a500-716ce85c6445&AppEnvironment=datacollector-binary&UploadType=eteventstream] status=Processing
[2016.11.02-03.59.52:042][250]LogHttp:Warning: 0000025E5596C280: request failed, libcurl error: 6 (Couldn't resolve host name)
[2016.11.02-03.59.52:042][250]LogHttp:Warning: 0000025E5596C280: libcurl info message cache 8 (Could not resolve host: datarouter.ol.epicgames.com)
[2016.11.02-03.59.52:043][250]LogHttp:Warning: 0000025E5596C280: libcurl info message cache 9 (Closing connection 14)
[2016.11.02-03.59.52:058][250]LogModuleManager: Shutting down and abandoning module XMPP (15)
[2016.11.02-03.59.52:058][250]LogModuleManager: Shutting down and abandoning module TextureCompressor (14)
[2016.11.02-03.59.52:060][250]LogModuleManager: Shutting down and abandoning module ShaderCore (13)
[2016.11.02-03.59.52:060][250]LogModuleManager: Shutting down and abandoning module Landscape (12)
[2016.11.02-03.59.52:060][250]LogModuleManager: Shutting down and abandoning module SlateRHIRenderer (11)
[2016.11.02-03.59.52:161][250]LogModuleManager: Shutting down and abandoning module OpenGLDrv (10)
[2016.11.02-03.59.52:162][250]LogModuleManager: Shutting down and abandoning module D3D11RHI (9)
[2016.11.02-03.59.52:162][250]LogModuleManager: Shutting down and abandoning module AnimGraphRuntime (8)
[2016.11.02-03.59.52:162][250]LogModuleManager: Shutting down and abandoning module Renderer (7)
[2016.11.02-03.59.52:162][250]LogModuleManager: Shutting down and abandoning module Engine (6)
[2016.11.02-03.59.52:162][250]LogModuleManager: Shutting down and abandoning module CoreUObject (5)
[2016.11.02-03.59.52:163][250]LogModuleManager: Shutting down and abandoning module NetworkFile (4)
[2016.11.02-03.59.52:163][250]LogModuleManager: Shutting down and abandoning module StreamingFile (3)
[2016.11.02-03.59.52:163][250]LogModuleManager: Shutting down and abandoning module SandboxFile (2)
[2016.11.02-03.59.52:163][250]LogModuleManager: Shutting down and abandoning module PakFile (1)
[2016.11.02-03.59.52:181][250]LogExit: Exiting.
[2016.11.02-03.59.52:302][250]Log file closed, 11/01/16 23:59:52
